<?xml version="1.0" encoding="UTF-8"?>
<!-- Generated by org.testng.reporters.JUnitXMLReporter -->
<testsuite ignored="0" hostname="channoufisaber-HP-Pavilion-g6-Notebook-PC" failures="0" tests="1" name="Surefire test" time="50.876" errors="0" timestamp="2024-11-02T16:57:50 CET">
  <testcase classname="com.bookstore.dao.UserDAOTest" name="@AfterClass tearDownClass" time="0.001">
    <failure type="java.lang.IllegalStateException" message="Session/EntityManager is closed">
      <![CDATA[java.lang.IllegalStateException: Session/EntityManager is closed
at org.hibernate.internal.AbstractSharedSessionContract.checkOpen(AbstractSharedSessionContract.java:344)
at org.hibernate.engine.spi.SharedSessionContractImplementor.checkOpen(SharedSessionContractImplementor.java:135)
at org.hibernate.internal.AbstractSharedSessionContract.checkOpenOrWaitingForAutoClose(AbstractSharedSessionContract.java:350)
at org.hibernate.internal.SessionImpl.close(SessionImpl.java:412)
at com.bookstore.dao.UserDAOTest.tearDownClass(UserDAOTest.java:52)
at java.base/java.util.ArrayList.forEach(ArrayList.java:1511)
... Removed 30 stack frames]]>
    </failure>
  </testcase> <!-- @AfterClass tearDownClass -->
  <testcase classname="com.bookstore.dao.UserDAOTest" name="testUpdateUsers" time="4.694"/>
</testsuite> <!-- Surefire test -->
